14:28:21.199 [main] INFO  c.n.u.UndergroundApplicationTests - [logStartupProfileInfo,651] - No active profile set, falling back to default profiles: default
14:28:37.649 [main] INFO  c.n.u.UndergroundApplicationTests - [logStartupProfileInfo,651] - No active profile set, falling back to default profiles: default
14:50:21.190 [main] INFO  c.n.u.UndergroundApplication - [logStartupProfileInfo,651] - No active profile set, falling back to default profiles: default
14:50:22.139 [main] INFO  c.n.u.d.d.DynamicDatasourceRegister - [registerBeanDefinitions,65] - 注册默认数据源master成功
14:50:22.146 [main] INFO  c.n.u.d.d.DynamicDatasourceRegister - [registerBeanDefinitions,97] - 注册数据源slave1成功
14:50:22.149 [main] INFO  c.n.u.d.d.DynamicDatasourceRegister - [registerBeanDefinitions,111] - 注册数据源成功，一共注册2个数据源
14:50:24.301 [main] INFO  o.a.c.h.Http11NioProtocol - [log,173] - Initializing ProtocolHandler ["http-nio-9099"]
14:50:24.302 [main] INFO  o.a.c.c.StandardService - [log,173] - Starting service [Tomcat]
14:50:24.302 [main] INFO  o.a.c.c.StandardEngine - [log,173] - Starting Servlet engine: [Apache Tomcat/9.0.30]
14:50:24.431 [main] INFO  o.a.c.c.C.[.[.[/] - [log,173] - Initializing Spring embedded WebApplicationContext
14:50:24.655 [main] INFO  c.n.c.s.URLConfigurationSource - [<init>,122] - To enable URLs as dynamic configuration sources, define System property archaius.configurationSource.additionalUrls or make config.properties available on classpath.
14:50:24.676 [main] INFO  c.n.c.DynamicPropertyFactory - [getInstance,281] - DynamicPropertyFactory is initialized with configuration sources: com.netflix.config.ConcurrentCompositeConfiguration@7affc159
14:50:25.768 [main] INFO  c.n.c.s.URLConfigurationSource - [<init>,122] - To enable URLs as dynamic configuration sources, define System property archaius.configurationSource.additionalUrls or make config.properties available on classpath.
14:50:27.270 [main] INFO  o.a.c.h.Http11NioProtocol - [log,173] - Starting ProtocolHandler ["http-nio-9099"]
14:50:27.436 [main] INFO  c.n.u.UndergroundApplication - [logStarted,61] - Started UndergroundApplication in 7.725 seconds (JVM running for 8.833)
14:50:50.933 [http-nio-9099-exec-2] INFO  o.a.c.c.C.[.[.[/] - [log,173] - Initializing Spring DispatcherServlet 'dispatcherServlet'
14:50:51.231 [http-nio-9099-exec-2] INFO  c.n.u.c.LogAspect - [doBefore,89] - 请求时间:2021-08-19 14:50:51
14:50:51.232 [http-nio-9099-exec-2] INFO  c.n.u.c.LogAspect - [doBefore,90] - 请求URL:http://localhost:9099/test/hello
14:50:51.232 [http-nio-9099-exec-2] INFO  c.n.u.c.LogAspect - [doBefore,91] - 请求方法:hello
14:50:51.232 [http-nio-9099-exec-2] INFO  c.n.u.c.LogAspect - [doBefore,92] - 请求参数:"sdsdfsdfsfds"
14:50:51.232 [http-nio-9099-exec-2] INFO  c.n.u.c.LogAspect - [doBefore,93] - 请求IP:0:0:0:0:0:0:0:1
14:50:51.246 [http-nio-9099-exec-2] INFO  c.n.u.d.d.DynamicDataSourceContextHolder - [SetDataSourceRouteKey,26] - 切换到slave1数据源
14:50:51.251 [http-nio-9099-exec-2] INFO  c.n.u.d.d.DynamicDataSourceContextHolder - [SetDataSourceRouteKey,26] - 切换到slave1数据源
14:50:51.290 [http-nio-9099-exec-2] INFO  c.z.h.HikariDataSource - [getConnection,110] - HikariPool-1 - Starting...
14:51:22.380 [http-nio-9099-exec-2] INFO  c.n.u.c.LogAspect - [afterThrowable,185] - 请求时间:2021-08-19 14:50:51
14:51:22.380 [http-nio-9099-exec-2] INFO  c.n.u.c.LogAspect - [afterThrowable,186] - 请求URL:http://localhost:9099/test/hello
14:51:22.380 [http-nio-9099-exec-2] INFO  c.n.u.c.LogAspect - [afterThrowable,187] - 请求方法:hello
14:51:22.381 [http-nio-9099-exec-2] INFO  c.n.u.c.LogAspect - [afterThrowable,188] - 请求参数:"sdsdfsdfsfds"
14:51:22.381 [http-nio-9099-exec-2] INFO  c.n.u.c.LogAspect - [afterThrowable,189] - 请求IP:0:0:0:0:0:0:0:1
14:52:02.975 [main] INFO  c.n.u.UndergroundApplication - [logStartupProfileInfo,651] - No active profile set, falling back to default profiles: default
14:52:03.766 [main] INFO  c.n.u.d.d.DynamicDatasourceRegister - [registerBeanDefinitions,65] - 注册默认数据源master成功
14:52:03.776 [main] INFO  c.n.u.d.d.DynamicDatasourceRegister - [registerBeanDefinitions,97] - 注册数据源slave1成功
14:52:03.779 [main] INFO  c.n.u.d.d.DynamicDatasourceRegister - [registerBeanDefinitions,111] - 注册数据源成功，一共注册2个数据源
14:52:05.412 [main] INFO  o.a.c.h.Http11NioProtocol - [log,173] - Initializing ProtocolHandler ["http-nio-9099"]
14:52:05.413 [main] INFO  o.a.c.c.StandardService - [log,173] - Starting service [Tomcat]
14:52:05.413 [main] INFO  o.a.c.c.StandardEngine - [log,173] - Starting Servlet engine: [Apache Tomcat/9.0.30]
14:52:05.530 [main] INFO  o.a.c.c.C.[.[.[/] - [log,173] - Initializing Spring embedded WebApplicationContext
14:52:05.685 [main] INFO  c.n.c.s.URLConfigurationSource - [<init>,122] - To enable URLs as dynamic configuration sources, define System property archaius.configurationSource.additionalUrls or make config.properties available on classpath.
14:52:05.704 [main] INFO  c.n.c.DynamicPropertyFactory - [getInstance,281] - DynamicPropertyFactory is initialized with configuration sources: com.netflix.config.ConcurrentCompositeConfiguration@6c8dbf56
14:52:06.754 [main] INFO  c.n.c.s.URLConfigurationSource - [<init>,122] - To enable URLs as dynamic configuration sources, define System property archaius.configurationSource.additionalUrls or make config.properties available on classpath.
14:52:08.295 [main] INFO  o.a.c.h.Http11NioProtocol - [log,173] - Starting ProtocolHandler ["http-nio-9099"]
14:52:08.341 [main] INFO  c.n.u.UndergroundApplication - [logStarted,61] - Started UndergroundApplication in 6.672 seconds (JVM running for 7.442)
14:52:18.978 [http-nio-9099-exec-2] INFO  o.a.c.c.C.[.[.[/] - [log,173] - Initializing Spring DispatcherServlet 'dispatcherServlet'
14:52:19.151 [http-nio-9099-exec-2] INFO  c.n.u.c.LogAspect - [doBefore,89] - 请求时间:2021-08-19 14:52:19
14:52:19.152 [http-nio-9099-exec-2] INFO  c.n.u.c.LogAspect - [doBefore,90] - 请求URL:http://localhost:9099/test/hello
14:52:19.153 [http-nio-9099-exec-2] INFO  c.n.u.c.LogAspect - [doBefore,91] - 请求方法:hello
14:52:19.153 [http-nio-9099-exec-2] INFO  c.n.u.c.LogAspect - [doBefore,92] - 请求参数:"sdsdfsdfsfds"
14:52:19.154 [http-nio-9099-exec-2] INFO  c.n.u.c.LogAspect - [doBefore,93] - 请求IP:0:0:0:0:0:0:0:1
14:52:19.164 [http-nio-9099-exec-2] INFO  c.n.u.d.d.DynamicDataSourceContextHolder - [SetDataSourceRouteKey,26] - 切换到slave1数据源
14:52:19.168 [http-nio-9099-exec-2] INFO  c.n.u.d.d.DynamicDataSourceContextHolder - [SetDataSourceRouteKey,26] - 切换到slave1数据源
14:52:19.206 [http-nio-9099-exec-2] INFO  c.z.h.HikariDataSource - [getConnection,110] - HikariPool-1 - Starting...
14:52:19.667 [http-nio-9099-exec-2] INFO  c.z.h.HikariDataSource - [getConnection,123] - HikariPool-1 - Start completed.
14:52:19.959 [http-nio-9099-exec-2] INFO  c.n.u.c.LogAspect - [doAfterReturning,125] - 返回数据:{"success":true,"data":{"userId":"sdsdfsdfsfds","account":"陈佳","name":"陈佳","sex":1,"phone":"18021690617","department":"软件研发部","roleId":"23232432","status":1}}
14:52:20.017 [http-nio-9099-exec-2] INFO  c.n.u.c.LogAspect - [doAfterReturning,141] - 结束时间:2021-08-19 14:52:19
14:52:20.018 [http-nio-9099-exec-2] INFO  c.n.u.c.LogAspect - [doAfterReturning,142] - 用时:886
15:11:04.879 [main] INFO  c.n.u.UndergroundApplication - [logStartupProfileInfo,651] - No active profile set, falling back to default profiles: default
15:11:05.775 [main] INFO  c.n.u.d.d.DynamicDatasourceRegister - [registerBeanDefinitions,65] - 注册默认数据源master成功
15:11:05.786 [main] INFO  c.n.u.d.d.DynamicDatasourceRegister - [registerBeanDefinitions,97] - 注册数据源slave1成功
15:11:05.789 [main] INFO  c.n.u.d.d.DynamicDatasourceRegister - [registerBeanDefinitions,111] - 注册数据源成功，一共注册2个数据源
15:11:07.518 [main] INFO  o.a.c.h.Http11NioProtocol - [log,173] - Initializing ProtocolHandler ["http-nio-9099"]
15:11:07.519 [main] INFO  o.a.c.c.StandardService - [log,173] - Starting service [Tomcat]
15:11:07.520 [main] INFO  o.a.c.c.StandardEngine - [log,173] - Starting Servlet engine: [Apache Tomcat/9.0.30]
15:11:07.648 [main] INFO  o.a.c.c.C.[.[.[/] - [log,173] - Initializing Spring embedded WebApplicationContext
15:11:07.826 [main] INFO  c.n.c.s.URLConfigurationSource - [<init>,122] - To enable URLs as dynamic configuration sources, define System property archaius.configurationSource.additionalUrls or make config.properties available on classpath.
15:11:07.848 [main] INFO  c.n.c.DynamicPropertyFactory - [getInstance,281] - DynamicPropertyFactory is initialized with configuration sources: com.netflix.config.ConcurrentCompositeConfiguration@32f96bba
15:11:08.822 [main] INFO  c.n.c.s.URLConfigurationSource - [<init>,122] - To enable URLs as dynamic configuration sources, define System property archaius.configurationSource.additionalUrls or make config.properties available on classpath.
15:11:10.213 [main] INFO  o.a.c.h.Http11NioProtocol - [log,173] - Starting ProtocolHandler ["http-nio-9099"]
15:11:10.264 [main] INFO  c.n.u.UndergroundApplication - [logStarted,61] - Started UndergroundApplication in 6.792 seconds (JVM running for 7.522)
15:11:57.601 [http-nio-9099-exec-1] INFO  o.a.c.c.C.[.[.[/] - [log,173] - Initializing Spring DispatcherServlet 'dispatcherServlet'
15:12:25.314 [main] INFO  c.n.u.UndergroundApplication - [logStartupProfileInfo,651] - No active profile set, falling back to default profiles: default
15:12:26.217 [main] INFO  c.n.u.d.d.DynamicDatasourceRegister - [registerBeanDefinitions,65] - 注册默认数据源master成功
15:12:26.225 [main] INFO  c.n.u.d.d.DynamicDatasourceRegister - [registerBeanDefinitions,97] - 注册数据源slave1成功
15:12:26.227 [main] INFO  c.n.u.d.d.DynamicDatasourceRegister - [registerBeanDefinitions,111] - 注册数据源成功，一共注册2个数据源
15:12:28.026 [main] INFO  o.a.c.h.Http11NioProtocol - [log,173] - Initializing ProtocolHandler ["http-nio-9099"]
15:12:28.027 [main] INFO  o.a.c.c.StandardService - [log,173] - Starting service [Tomcat]
15:12:28.027 [main] INFO  o.a.c.c.StandardEngine - [log,173] - Starting Servlet engine: [Apache Tomcat/9.0.30]
15:12:28.140 [main] INFO  o.a.c.c.C.[.[.[/] - [log,173] - Initializing Spring embedded WebApplicationContext
15:12:28.294 [main] INFO  c.n.c.s.URLConfigurationSource - [<init>,122] - To enable URLs as dynamic configuration sources, define System property archaius.configurationSource.additionalUrls or make config.properties available on classpath.
15:12:28.313 [main] INFO  c.n.c.DynamicPropertyFactory - [getInstance,281] - DynamicPropertyFactory is initialized with configuration sources: com.netflix.config.ConcurrentCompositeConfiguration@76ececd
15:12:29.226 [main] INFO  c.n.c.s.URLConfigurationSource - [<init>,122] - To enable URLs as dynamic configuration sources, define System property archaius.configurationSource.additionalUrls or make config.properties available on classpath.
15:12:30.682 [main] INFO  o.a.c.h.Http11NioProtocol - [log,173] - Starting ProtocolHandler ["http-nio-9099"]
15:12:30.746 [main] INFO  c.n.u.UndergroundApplication - [logStarted,61] - Started UndergroundApplication in 6.755 seconds (JVM running for 7.566)
15:12:32.545 [http-nio-9099-exec-1] INFO  o.a.c.c.C.[.[.[/] - [log,173] - Initializing Spring DispatcherServlet 'dispatcherServlet'
15:12:32.682 [http-nio-9099-exec-1] INFO  c.n.u.c.LogAspect - [doBefore,89] - 请求时间:2021-08-19 15:12:32
15:12:32.683 [http-nio-9099-exec-1] INFO  c.n.u.c.LogAspect - [doBefore,90] - 请求URL:http://localhost:9099/test/testProject
15:12:32.683 [http-nio-9099-exec-1] INFO  c.n.u.c.LogAspect - [doBefore,91] - 请求方法:testProject
15:12:32.683 [http-nio-9099-exec-1] INFO  c.n.u.c.LogAspect - [doBefore,92] - 请求参数:"3434324"
15:12:32.684 [http-nio-9099-exec-1] INFO  c.n.u.c.LogAspect - [doBefore,93] - 请求IP:0:0:0:0:0:0:0:1
15:12:32.720 [http-nio-9099-exec-1] INFO  c.z.h.HikariDataSource - [getConnection,110] - HikariPool-1 - Starting...
15:12:33.019 [http-nio-9099-exec-1] INFO  c.z.h.HikariDataSource - [getConnection,123] - HikariPool-1 - Start completed.
15:12:33.174 [http-nio-9099-exec-1] INFO  c.n.u.c.LogAspect - [doAfterReturning,125] - 返回数据:{"success":true,"data":{"projectId":"3434324","scope":"虹桥路与成山路交叉口","name":"新河路项目","createTime":"2021-08-19","createUser":"陈佳"}}
15:12:33.217 [http-nio-9099-exec-1] INFO  c.n.u.c.LogAspect - [doAfterReturning,141] - 结束时间:2021-08-19 15:12:33
15:12:33.218 [http-nio-9099-exec-1] INFO  c.n.u.c.LogAspect - [doAfterReturning,142] - 用时:555
